<?xml version="1.0" encoding="UTF-8"?>
<testng-results skipped="0" failed="0" ignored="0" total="1" passed="1">
  <reporter-output>
  </reporter-output>
  <suite name="Default suite" duration-ms="4115" started-at="2021-03-10T17:09:57Z" finished-at="2021-03-10T17:10:01Z">
    <groups>
    </groups>
    <test name="Default test" duration-ms="4115" started-at="2021-03-10T17:09:57Z" finished-at="2021-03-10T17:10:01Z">
      <class name="testCases.PUT_Or_Update_A_Product">
        <test-method status="PASS" signature="update_A_Products()[pri:0, instance:testCases.PUT_Or_Update_A_Product@3ee0fea4]" name="update_A_Products" duration-ms="4043" started-at="2021-03-10T17:09:57Z" finished-at="2021-03-10T17:10:01Z">
          <reporter-output>
          </reporter-output>
        </test-method> <!-- update_A_Products -->
      </class> <!-- testCases.PUT_Or_Update_A_Product -->
    </test> <!-- Default test -->
  </suite> <!-- Default suite -->
</testng-results>
