<?xml version="1.0" encoding="UTF-8"?>
<testng-results skipped="0" failed="0" ignored="0" total="1" passed="1">
  <reporter-output>
  </reporter-output>
  <suite name="Default suite" duration-ms="21258" started-at="2021-02-18T20:10:38 CST" finished-at="2021-02-18T20:11:00 CST">
    <groups>
    </groups>
    <test name="Default test" duration-ms="21258" started-at="2021-02-18T20:10:38 CST" finished-at="2021-02-18T20:11:00 CST">
      <class name="testCases.LoginPageTest">
        <test-method status="PASS" signature="setUp()[pri:0, instance:testCases.LoginPageTest@131276c2]" name="setUp" is-config="true" duration-ms="5031" started-at="2021-02-18T20:10:39 CST" finished-at="2021-02-18T20:10:44 CST">
          <reporter-output>
          </reporter-output>
        </test-method> <!-- setUp -->
        <test-method status="PASS" signature="LoginTest()[pri:0, instance:testCases.LoginPageTest@131276c2]" name="LoginTest" duration-ms="15185" started-at="2021-02-18T20:10:44 CST" finished-at="2021-02-18T20:10:59 CST">
          <reporter-output>
          </reporter-output>
        </test-method> <!-- LoginTest -->
        <test-method status="PASS" signature="tearDown()[pri:0, instance:testCases.LoginPageTest@131276c2]" name="tearDown" is-config="true" duration-ms="930" started-at="2021-02-18T20:10:59 CST" finished-at="2021-02-18T20:11:00 CST">
          <reporter-output>
          </reporter-output>
        </test-method> <!-- tearDown -->
      </class> <!-- testCases.LoginPageTest -->
    </test> <!-- Default test -->
  </suite> <!-- Default suite -->
</testng-results>
