<?xml version="1.0" encoding="UTF-8"?>
<testng-results skipped="0" failed="0" ignored="0" total="1" passed="1">
  <reporter-output>
  </reporter-output>
  <suite name="Default suite" duration-ms="22550" started-at="2021-03-10T01:22:34Z" finished-at="2021-03-10T01:22:56Z">
    <groups>
    </groups>
    <test name="Default test" duration-ms="22550" started-at="2021-03-10T01:22:34Z" finished-at="2021-03-10T01:22:56Z">
      <class name="testCases.LoginPageTest">
        <test-method status="PASS" signature="setUp()[pri:0, instance:testCases.LoginPageTest@2aece37d]" name="setUp" is-config="true" duration-ms="7582" started-at="2021-03-10T01:22:34Z" finished-at="2021-03-10T01:22:41Z">
          <reporter-output>
          </reporter-output>
        </test-method> <!-- setUp -->
        <test-method status="PASS" signature="LoginTest()[pri:0, instance:testCases.LoginPageTest@2aece37d]" name="LoginTest" duration-ms="14051" started-at="2021-03-10T01:22:41Z" finished-at="2021-03-10T01:22:55Z">
          <reporter-output>
          </reporter-output>
        </test-method> <!-- LoginTest -->
        <test-method status="PASS" signature="tearDown()[pri:0, instance:testCases.LoginPageTest@2aece37d]" name="tearDown" is-config="true" duration-ms="854" started-at="2021-03-10T01:22:55Z" finished-at="2021-03-10T01:22:56Z">
          <reporter-output>
          </reporter-output>
        </test-method> <!-- tearDown -->
      </class> <!-- testCases.LoginPageTest -->
    </test> <!-- Default test -->
  </suite> <!-- Default suite -->
</testng-results>
